#
# There is insufficient memory for the Java Runtime Environment to continue.
# Native memory allocation (malloc) failed to allocate 1048576 bytes. Error detail: AllocateHeap
# Possible reasons:
#   The system is out of physical RAM or swap space
#   This process is running with CompressedOops enabled, and the Java Heap may be blocking the growth of the native heap
# Possible solutions:
#   Reduce memory load on the system
#   Increase physical memory or swap space
#   Check if swap backing store is full
#   Decrease Java heap size (-Xmx/-Xms)
#   Decrease number of Java threads
#   Decrease Java thread stack sizes (-Xss)
#   Set larger code cache with -XX:ReservedCodeCacheSize=
#   JVM is running with Unscaled Compressed Oops mode in which the Java heap is
#     placed in the first 4GB address space. The Java Heap base address is the
#     maximum limit for the native heap growth. Please use -XX:HeapBaseMinAddress
#     to set the Java Heap base and to place the Java Heap above 4GB virtual address.
# This output file may be truncated or incomplete.
#
#  Out of Memory Error (allocation.cpp:44), pid=18760, tid=18864
#
# JRE version: OpenJDK Runtime Environment Temurin-21.0.9+10 (21.0.9+10) (build 21.0.9+10-LTS)
# Java VM: OpenJDK 64-Bit Server VM Temurin-21.0.9+10 (21.0.9+10-LTS, mixed mode, sharing, tiered, compressed oops, compressed class ptrs, parallel gc, windows-amd64)
# No core dump will be written. Minidumps are not enabled by default on client versions of Windows
#

---------------  S U M M A R Y ------------

Command Line: --add-modules=ALL-SYSTEM --add-opens=java.base/java.util=ALL-UNNAMED --add-opens=java.base/java.lang=ALL-UNNAMED --add-opens=java.base/sun.nio.fs=ALL-UNNAMED -Declipse.application=org.eclipse.jdt.ls.core.id1 -Dosgi.bundles.defaultStartLevel=4 -Declipse.product=org.eclipse.jdt.ls.core.product -Djava.import.generatesMetadataFilesAtProjectRoot=false -DDetectVMInstallationsJob.disabled=true -Dfile.encoding=utf8 -XX:+UseParallelGC -XX:GCTimeRatio=4 -XX:AdaptiveSizePolicyWeight=90 -Dsun.zip.disableMemoryMapping=true -Xmx2G -Xms100m -Xlog:disable -javaagent:c:\Users\USER-PC\.vscode\extensions\redhat.java-1.52.0-win32-x64\lombok\lombok-1.18.39-4050.jar -XX:+HeapDumpOnOutOfMemoryError -XX:HeapDumpPath=c:\Users\USER-PC\AppData\Roaming\Code\User\workspaceStorage\d613acfcf3a9669b4d08eaca8919b9e0\redhat.java -Daether.dependencyCollector.impl=bf c:\Users\USER-PC\.vscode\extensions\redhat.java-1.52.0-win32-x64\server\plugins\org.eclipse.equinox.launcher_1.7.100.v20251111-0406.jar -configuration c:\Users\USER-PC\AppData\Roaming\Code\User\globalStorage\redhat.java\1.52.0\config_win -data c:\Users\USER-PC\AppData\Roaming\Code\User\workspaceStorage\d613acfcf3a9669b4d08eaca8919b9e0\redhat.java\jdt_ws --pipe=\\.\pipe\lsp-62bf0c7cdf23dd837c2826a4bbfe9ed8-sock

Host: Intel(R) Core(TM) i5-8500 CPU @ 3.00GHz, 6 cores, 15G,  Windows 11 , 64 bit Build 26100 (10.0.26100.7705)
Time: Tue Feb 24 13:29:21 2026 W. Central Africa Standard Time elapsed time: 7829.237119 seconds (0d 2h 10m 29s)

---------------  T H R E A D  ---------------

Current thread (0x0000022cf6b17360):  JavaThread "Attach Listener" daemon [_thread_in_vm, id=18864, stack(0x0000009e4a900000,0x0000009e4aa00000) (1024K)]

Stack: [0x0000009e4a900000,0x0000009e4aa00000]
Native frames: (J=compiled Java code, j=interpreted, Vv=VM code, C=native code)
V  [jvm.dll+0x6d6e29]
V  [jvm.dll+0x8b4b76]
V  [jvm.dll+0x8b712e]
V  [jvm.dll+0x8b7813]
V  [jvm.dll+0x283d86]
V  [jvm.dll+0xc1277]
V  [jvm.dll+0x6d76d9]
V  [jvm.dll+0x133466]
V  [jvm.dll+0x3f7ea6]
V  [jvm.dll+0x85e9ad]
V  [jvm.dll+0x6d565d]
C  [ucrtbase.dll+0x37b0]
C  [KERNEL32.DLL+0x2e8d7]
C  [ntdll.dll+0x8c40c]


---------------  P R O C E S S  ---------------

Threads class SMR info:
_java_thread_list=0x0000022cfec91d00, length=42, elements={
0x0000022cddf3d080, 0x0000022ce044db10, 0x0000022ce044e8b0, 0x0000022cf6b16360,
0x0000022cf6b17360, 0x0000022cf6b20980, 0x0000022cf6b248a0, 0x0000022cf6b35fb0,
0x0000022cf6b36dd0, 0x0000022cfc21bec0, 0x0000022cfc2f1e60, 0x0000022cfcbde250,
0x0000022cfcdd4da0, 0x0000022cfcda83e0, 0x0000022cfcbeb750, 0x0000022cfcbfcda0,
0x0000022cfd2074c0, 0x0000022cfcb11000, 0x0000022cfd4e1270, 0x0000022cfd4e2cb0,
0x0000022cfd4e1f90, 0x0000022cfd4dfec0, 0x0000022cfd4e0550, 0x0000022cfd4e2620,
0x0000022cc1417fd0, 0x0000022cc141a0a0, 0x0000022cc1418cf0, 0x0000022cc1419380,
0x0000022cc1418660, 0x0000022cc141a730, 0x0000022cc1480fd0, 0x0000022cc141bae0,
0x0000022cc141e8d0, 0x0000022cc141f5f0, 0x0000022cc1481cf0, 0x0000022cc14802b0,
0x0000022ccc1517d0, 0x0000022ccc14fd90, 0x0000022ccc150ab0, 0x0000022ccc1524f0,
0x0000022ccc152b80, 0x0000022ccc14f700
}

Java Threads: ( => current thread )
  0x0000022cddf3d080 JavaThread "main"                              [_thread_blocked, id=3516, stack(0x0000009e4a200000,0x0000009e4a300000) (1024K)]
  0x0000022ce044db10 JavaThread "Reference Handler"          daemon [_thread_blocked, id=18868, stack(0x0000009e4a600000,0x0000009e4a700000) (1024K)]
  0x0000022ce044e8b0 JavaThread "Finalizer"                  daemon [_thread_blocked, id=18612, stack(0x0000009e4a700000,0x0000009e4a800000) (1024K)]
  0x0000022cf6b16360 JavaThread "Signal Dispatcher"          daemon [_thread_blocked, id=16056, stack(0x0000009e4a800000,0x0000009e4a900000) (1024K)]
=>0x0000022cf6b17360 JavaThread "Attach Listener"            daemon [_thread_in_vm, id=18864, stack(0x0000009e4a900000,0x0000009e4aa00000) (1024K)]
  0x0000022cf6b20980 JavaThread "Service Thread"             daemon [_thread_blocked, id=18576, stack(0x0000009e4aa00000,0x0000009e4ab00000) (1024K)]
  0x0000022cf6b248a0 JavaThread "Monitor Deflation Thread"   daemon [_thread_blocked, id=19104, stack(0x0000009e4ab00000,0x0000009e4ac00000) (1024K)]
  0x0000022cf6b35fb0 JavaThread "C2 CompilerThread0"         daemon [_thread_blocked, id=18620, stack(0x0000009e4ac00000,0x0000009e4ad00000) (1024K)]
  0x0000022cf6b36dd0 JavaThread "C1 CompilerThread0"         daemon [_thread_blocked, id=18588, stack(0x0000009e4ad00000,0x0000009e4ae00000) (1024K)]
  0x0000022cfc21bec0 JavaThread "Common-Cleaner"             daemon [_thread_blocked, id=19232, stack(0x0000009e4ae00000,0x0000009e4af00000) (1024K)]
  0x0000022cfc2f1e60 JavaThread "Notification Thread"        daemon [_thread_blocked, id=19128, stack(0x0000009e4b000000,0x0000009e4b100000) (1024K)]
  0x0000022cfcbde250 JavaThread "Active Thread: Equinox Container: 5dd08eaa-94c3-41eb-9f72-a77f47b1a3aa"        [_thread_blocked, id=19356, stack(0x0000009e4b600000,0x0000009e4b700000) (1024K)]
  0x0000022cfcdd4da0 JavaThread "Refresh Thread: Equinox Container: 5dd08eaa-94c3-41eb-9f72-a77f47b1a3aa" daemon [_thread_blocked, id=12180, stack(0x0000009e4b700000,0x0000009e4b800000) (1024K)]
  0x0000022cfcda83e0 JavaThread "Framework Event Dispatcher: Equinox Container: 5dd08eaa-94c3-41eb-9f72-a77f47b1a3aa" daemon [_thread_blocked, id=14788, stack(0x0000009e4b800000,0x0000009e4b900000) (1024K)]
  0x0000022cfcbeb750 JavaThread "Start Level: Equinox Container: 5dd08eaa-94c3-41eb-9f72-a77f47b1a3aa" daemon [_thread_blocked, id=18528, stack(0x0000009e4b900000,0x0000009e4ba00000) (1024K)]
  0x0000022cfcbfcda0 JavaThread "Bundle File Closer"         daemon [_thread_blocked, id=18712, stack(0x0000009e4af00000,0x0000009e4b000000) (1024K)]
  0x0000022cfd2074c0 JavaThread "SCR Component Actor"        daemon [_thread_blocked, id=18736, stack(0x0000009e4ba00000,0x0000009e4bb00000) (1024K)]
  0x0000022cfcb11000 JavaThread "Worker-JM"                         [_thread_blocked, id=10388, stack(0x0000009e4bc00000,0x0000009e4bd00000) (1024K)]
  0x0000022cfd4e1270 JavaThread "Java indexing"              daemon [_thread_blocked, id=19080, stack(0x0000009e4bf00000,0x0000009e4c000000) (1024K)]
  0x0000022cfd4e2cb0 JavaThread "JNA Cleaner"                daemon [_thread_blocked, id=18808, stack(0x0000009e4c000000,0x0000009e4c100000) (1024K)]
  0x0000022cfd4e1f90 JavaThread "Thread-1"                   daemon [_thread_in_native, id=18524, stack(0x0000009e4c600000,0x0000009e4c700000) (1024K)]
  0x0000022cfd4dfec0 JavaThread "Thread-2"                   daemon [_thread_in_native, id=19044, stack(0x0000009e4c700000,0x0000009e4c800000) (1024K)]
  0x0000022cfd4e0550 JavaThread "Thread-3"                   daemon [_thread_in_native, id=19172, stack(0x0000009e4c800000,0x0000009e4c900000) (1024K)]
  0x0000022cfd4e2620 JavaThread "Thread-4"                   daemon [_thread_in_native, id=19056, stack(0x0000009e4c900000,0x0000009e4ca00000) (1024K)]
  0x0000022cc1417fd0 JavaThread "Thread-5"                   daemon [_thread_in_native, id=19176, stack(0x0000009e4ca00000,0x0000009e4cb00000) (1024K)]
  0x0000022cc141a0a0 JavaThread "Thread-6"                   daemon [_thread_in_native, id=8236, stack(0x0000009e4cb00000,0x0000009e4cc00000) (1024K)]
  0x0000022cc1418cf0 JavaThread "Thread-7"                   daemon [_thread_in_native, id=19012, stack(0x0000009e4cc00000,0x0000009e4cd00000) (1024K)]
  0x0000022cc1419380 JavaThread "pool-2-thread-1"                   [_thread_blocked, id=11700, stack(0x0000009e4ce00000,0x0000009e4cf00000) (1024K)]
  0x0000022cc1418660 JavaThread "WorkspaceEventsHandler"            [_thread_blocked, id=19148, stack(0x0000009e4cf00000,0x0000009e4d000000) (1024K)]
  0x0000022cc141a730 JavaThread "pool-1-thread-1"                   [_thread_blocked, id=16088, stack(0x0000009e4d000000,0x0000009e4d100000) (1024K)]
  0x0000022cc1480fd0 JavaThread "Cleaner-0"                  daemon [_thread_blocked, id=11172, stack(0x0000009e4e000000,0x0000009e4e100000) (1024K)]
  0x0000022cc141bae0 JavaThread "Worker-16"                         [_thread_blocked, id=3120, stack(0x0000009e4a000000,0x0000009e4a100000) (1024K)]
  0x0000022cc141e8d0 JavaThread "Worker-19"                         [_thread_blocked, id=20244, stack(0x0000009e49f00000,0x0000009e4a000000) (1024K)]
  0x0000022cc141f5f0 JavaThread "HttpClient-1-SelectorManager" daemon [_thread_in_native, id=6056, stack(0x0000009e4c300000,0x0000009e4c400000) (1024K)]
  0x0000022cc1481cf0 JavaThread "HttpClient-2-SelectorManager" daemon [_thread_in_native, id=18820, stack(0x0000009e4c400000,0x0000009e4c500000) (1024K)]
  0x0000022cc14802b0 JavaThread "HttpClient-3-SelectorManager" daemon [_thread_in_native, id=18364, stack(0x0000009e4c500000,0x0000009e4c600000) (1024K)]
  0x0000022ccc1517d0 JavaThread "HttpClient-4-SelectorManager" daemon [_thread_in_native, id=19228, stack(0x0000009e4d900000,0x0000009e4da00000) (1024K)]
  0x0000022ccc14fd90 JavaThread "ForkJoinPool.commonPool-worker-24" daemon [_thread_blocked, id=20820, stack(0x0000009e4bb00000,0x0000009e4bc00000) (1024K)]
  0x0000022ccc150ab0 JavaThread "ForkJoinPool.commonPool-worker-25" daemon [_thread_blocked, id=6516, stack(0x0000009e4a100000,0x0000009e4a200000) (1024K)]
  0x0000022ccc1524f0 JavaThread "ForkJoinPool.commonPool-worker-26" daemon [_thread_blocked, id=18800, stack(0x0000009e4bd00000,0x0000009e4be00000) (1024K)]
  0x0000022ccc152b80 JavaThread "ForkJoinPool.commonPool-worker-27" daemon [_thread_blocked, id=13156, stack(0x0000009e4be00000,0x0000009e4bf00000) (1024K)]
  0x0000022ccc14f700 JavaThread "ForkJoinPool.commonPool-worker-28" daemon [_thread_blocked, id=23124, stack(0x0000009e4c100000,0x0000009e4c200000) (1024K)]
Total: 42

Other Threads:
  0x0000022cddf25c80 VMThread "VM Thread"                           [id=19208, stack(0x0000009e4a500000,0x0000009e4a600000) (1024K)]
  0x0000022cf6a6ca00 WatcherThread "VM Periodic Task Thread"        [id=17484, stack(0x0000009e4a400000,0x0000009e4a500000) (1024K)]
  0x0000022cddf27240 WorkerThread "GC Thread#0"                     [id=9780, stack(0x0000009e4a300000,0x0000009e4a400000) (1024K)]
  0x0000022cddf263c0 WorkerThread "GC Thread#1"                     [id=16756, stack(0x0000009e4b100000,0x0000009e4b200000) (1024K)]
  0x0000022cddf26760 WorkerThread "GC Thread#2"                     [id=16944, stack(0x0000009e4b200000,0x0000009e4b300000) (1024K)]
  0x0000022cddf26ea0 WorkerThread "GC Thread#3"                     [id=19308, stack(0x0000009e4b300000,0x0000009e4b400000) (1024K)]
  0x0000022cfc7d21b0 WorkerThread "GC Thread#4"                     [id=18316, stack(0x0000009e4b400000,0x0000009e4b500000) (1024K)]
  0x0000022cfc7d2c90 WorkerThread "GC Thread#5"                     [id=14584, stack(0x0000009e4b500000,0x0000009e4b600000) (1024K)]
Total: 8

Threads with active compile tasks:
Total: 0

VM state: not at safepoint (normal execution)

VM Mutex/Monitor currently owned by a thread: None

Heap address: 0x0000000080000000, size: 2048 MB, Compressed Oops mode: 32-bit

CDS archive(s) mapped at: [0x0000022c80000000-0x0000022c80ba0000-0x0000022c80ba0000), size 12189696, SharedBaseAddress: 0x0000022c80000000, ArchiveRelocationMode: 1.
Compressed class space mapped at: 0x0000022c81000000-0x0000022cc1000000, reserved size: 1073741824
Narrow klass base: 0x0000022c80000000, Narrow klass shift: 0, Narrow klass range: 0x100000000

GC Precious Log:
 CardTable entry size: 512
 CPUs: 6 total, 6 available
 Memory: 16180M
 Large Page Support: Disabled
 NUMA Support: Disabled
 Compressed Oops: Enabled (32-bit)
 Alignments: Space 512K, Generation 512K, Heap 2M
 Heap Min Capacity: 100M
 Heap Initial Capacity: 100M
 Heap Max Capacity: 2G
 Pre-touch: Disabled
 Parallel Workers: 6

Heap:
 PSYoungGen      total 9728K, used 482K [0x00000000d5580000, 0x00000000d6080000, 0x0000000100000000)
  eden space 9216K, 3% used [0x00000000d5580000,0x00000000d55ca060,0x00000000d5e80000)
  from space 512K, 36% used [0x00000000d6000000,0x00000000d602e900,0x00000000d6080000)
  to   space 512K, 0% used [0x00000000d5f80000,0x00000000d5f80000,0x00000000d6000000)
 ParOldGen       total 1378304K, used 134618K [0x0000000080000000, 0x00000000d4200000, 0x00000000d5580000)
  object space 1378304K, 9% used [0x0000000080000000,0x0000000088376838,0x00000000d4200000)
 Metaspace       used 89197K, committed 90880K, reserved 1179648K
  class space    used 9539K, committed 10304K, reserved 1048576K

Card table byte_map: [0x0000022cdfc40000,0x0000022ce0050000] _byte_map_base: 0x0000022cdf840000

Marking Bits: (ParMarkBitMap*) 0x00007ffb57af2460
 Begin Bits: [0x0000022cf2590000, 0x0000022cf4590000)
 End Bits:   [0x0000022cf4590000, 0x0000022cf6590000)

Polling page: 0x0000022cddef0000

Metaspace:

Usage:
  Non-class:     77.79 MB used.
      Class:      9.32 MB used.
       Both:     87.11 MB used.

Virtual space:
  Non-class space:      128.00 MB reserved,      78.69 MB ( 61%) committed,  2 nodes.
      Class space:        1.00 GB reserved,      10.06 MB ( <1%) committed,  1 nodes.
             Both:        1.12 GB reserved,      88.75 MB (  8%) committed. 

Chunk freelists:
   Non-Class:  528.00 KB
       Class:  5.87 MB
        Both:  6.38 MB

MaxMetaspaceSize: unlimited
CompressedClassSpaceSize: 1.00 GB
Initial GC threshold: 21.00 MB
Current GC threshold: 141.56 MB
CDS: on
 - commit_granule_bytes: 65536.
 - commit_granule_words: 8192.
 - virtual_space_node_default_size: 8388608.
 - enlarge_chunks_in_place: 1.
 - use_allocation_guard: 0.


Internal statistics:

num_allocs_failed_limit: 9.
num_arena_births: 1724.
num_arena_deaths: 426.
num_vsnodes_births: 3.
num_vsnodes_deaths: 0.
num_space_committed: 1420.
num_space_uncommitted: 0.
num_chunks_returned_to_freelist: 515.
num_chunks_taken_from_freelist: 6156.
num_chunk_merges: 136.
num_chunk_splits: 3566.
num_chunks_enlarged: 2025.
num_inconsistent_stats: 0.

CodeHeap 'non-profiled nmethods': size=120000Kb used=15490Kb max_used=15490Kb free=104509Kb
 bounds [0x0000022ceb060000, 0x0000022cebf90000, 0x0000022cf2590000]
CodeHeap 'profiled nmethods': size=120000Kb used=38662Kb max_used=38662Kb free=81337Kb
 bounds [0x0000022ce3590000, 0x0000022ce5b60000, 0x0000022ceaac0000]
CodeHeap 'non-nmethods': size=5760Kb used=1530Kb max_used=1646Kb free=4230Kb
 bounds [0x0000022ceaac0000, 0x0000022cead30000, 0x0000022ceb060000]
CodeCache: size=245760Kb, used=55682Kb, max_used=55798Kb, free=190076Kb
 total_blobs=17039, nmethods=16182, adapters=760, full_count=0
Compilation: enabled, stopped_count=0, restarted_count=0

Compilation events (20 events):
Event: 7743.335 Thread 0x0000022cf6b35fb0 17931       4       org.eclipse.jdt.internal.core.index.FileIndexLocation::equals (24 bytes)
Event: 7743.340 Thread 0x0000022cf6b35fb0 nmethod 17931 0x0000022cebf7ac90 code [0x0000022cebf7ae40, 0x0000022cebf7b388]
Event: 7743.367 Thread 0x0000022cf6b36dd0 17932       3       org.eclipse.jdt.internal.core.ModuleUpdater::determineModulesOfProjectsWithNonEmptyClasspath (151 bytes)
Event: 7743.368 Thread 0x0000022cf6b35fb0 17933       4       jdk.internal.jrtfs.JrtPath::equals (30 bytes)
Event: 7743.388 Thread 0x0000022cf6b36dd0 nmethod 17932 0x0000022ce5b50410 code [0x0000022ce5b50760, 0x0000022ce5b51aa0]
Event: 7743.388 Thread 0x0000022cf6b36dd0 17934       3       org.eclipse.jdt.internal.compiler.parser.Parser::consumeNestedType (84 bytes)
Event: 7743.388 Thread 0x0000022cf6b36dd0 nmethod 17934 0x0000022ce5b52110 code [0x0000022ce5b522e0, 0x0000022ce5b52778]
Event: 7743.388 Thread 0x0000022cf6b35fb0 nmethod 17933 0x0000022cebf7b790 code [0x0000022cebf7b920, 0x0000022cebf7bb58]
Event: 7743.388 Thread 0x0000022cf6b36dd0 17935       3       java.util.ArrayList::ensureCapacity (42 bytes)
Event: 7743.388 Thread 0x0000022cf6b36dd0 nmethod 17935 0x0000022ce5b52990 code [0x0000022ce5b52b40, 0x0000022ce5b52d28]
Event: 7743.389 Thread 0x0000022cf6b35fb0 17936       4       org.eclipse.jdt.internal.core.JavaModel::getWorkspaceTarget (38 bytes)
Event: 7743.397 Thread 0x0000022cf6b36dd0 17939       3       org.eclipse.jdt.internal.compiler.lookup.SplitPackageBinding::hasType0Any (54 bytes)
Event: 7743.397 Thread 0x0000022cf6b35fb0 nmethod 17936 0x0000022cebf7bc90 code [0x0000022cebf7bf60, 0x0000022cebf7c938]
Event: 7743.398 Thread 0x0000022cf6b36dd0 nmethod 17939 0x0000022ce5b52e10 code [0x0000022ce5b53080, 0x0000022ce5b53bf0]
Event: 7743.398 Thread 0x0000022cf6b35fb0 17938       4       org.eclipse.jdt.internal.core.index.DiskIndex::addQueryResults (739 bytes)
Event: 7743.398 Thread 0x0000022cf6b36dd0 17940       3       java.util.concurrent.ForkJoinPool$WorkQueue::tryRemoveAndExec (222 bytes)
Event: 7743.399 Thread 0x0000022cf6b36dd0 nmethod 17940 0x0000022ce5b53f10 code [0x0000022ce5b54140, 0x0000022ce5b549e0]
Event: 7743.432 Thread 0x0000022cf6b35fb0 nmethod 17938 0x0000022cebf7d310 code [0x0000022cebf7d6c0, 0x0000022cebf7f4a8]
Event: 7743.432 Thread 0x0000022cf6b35fb0 17937       4       java.util.concurrent.ForkJoinPool$WorkQueue::getAndSetAccess (12 bytes)
Event: 7743.433 Thread 0x0000022cf6b35fb0 nmethod 17937 0x0000022cebf80710 code [0x0000022cebf808a0, 0x0000022cebf80930]

GC Heap History (20 events):
Event: 5186.842 GC heap before
{Heap before GC invocations=1113 (full 4):
 PSYoungGen      total 8192K, used 7786K [0x00000000d5580000, 0x00000000d6280000, 0x0000000100000000)
  eden space 6144K, 99% used [0x00000000d5580000,0x00000000d5b7f700,0x00000000d5b80000)
  from space 2048K, 80% used [0x00000000d6080000,0x00000000d621b418,0x00000000d6280000)
  to   space 2048K, 0% used [0x00000000d5e80000,0x00000000d5e80000,0x00000000d6080000)
 ParOldGen       total 1378304K, used 127557K [0x0000000080000000, 0x00000000d4200000, 0x00000000d5580000)
  object space 1378304K, 9% used [0x0000000080000000,0x0000000087c91450,0x00000000d4200000)
 Metaspace       used 88558K, committed 90176K, reserved 1179648K
  class space    used 9513K, committed 10240K, reserved 1048576K
}
Event: 5186.864 GC heap after
{Heap after GC invocations=1113 (full 4):
 PSYoungGen      total 9216K, used 1511K [0x00000000d5580000, 0x00000000d6100000, 0x0000000100000000)
  eden space 7680K, 0% used [0x00000000d5580000,0x00000000d5580000,0x00000000d5d00000)
  from space 1536K, 98% used [0x00000000d5e80000,0x00000000d5ff9d98,0x00000000d6000000)
  to   space 1024K, 0% used [0x00000000d6000000,0x00000000d6000000,0x00000000d6100000)
 ParOldGen       total 1378304K, used 129240K [0x0000000080000000, 0x00000000d4200000, 0x00000000d5580000)
  object space 1378304K, 9% used [0x0000000080000000,0x0000000087e361c0,0x00000000d4200000)
 Metaspace       used 88558K, committed 90176K, reserved 1179648K
  class space    used 9513K, committed 10240K, reserved 1048576K
}
Event: 5186.877 GC heap before
{Heap before GC invocations=1114 (full 4):
 PSYoungGen      total 9216K, used 9191K [0x00000000d5580000, 0x00000000d6100000, 0x0000000100000000)
  eden space 7680K, 100% used [0x00000000d5580000,0x00000000d5d00000,0x00000000d5d00000)
  from space 1536K, 98% used [0x00000000d5e80000,0x00000000d5ff9d98,0x00000000d6000000)
  to   space 1024K, 0% used [0x00000000d6000000,0x00000000d6000000,0x00000000d6100000)
 ParOldGen       total 1378304K, used 129240K [0x0000000080000000, 0x00000000d4200000, 0x00000000d5580000)
  object space 1378304K, 9% used [0x0000000080000000,0x0000000087e361c0,0x00000000d4200000)
 Metaspace       used 88577K, committed 90176K, reserved 1179648K
  class space    used 9513K, committed 10240K, reserved 1048576K
}
Event: 5186.879 GC heap after
{Heap after GC invocations=1114 (full 4):
 PSYoungGen      total 10240K, used 992K [0x00000000d5580000, 0x00000000d6180000, 0x0000000100000000)
  eden space 9216K, 0% used [0x00000000d5580000,0x00000000d5580000,0x00000000d5e80000)
  from space 1024K, 96% used [0x00000000d6000000,0x00000000d60f8000,0x00000000d6100000)
  to   space 1536K, 0% used [0x00000000d5e80000,0x00000000d5e80000,0x00000000d6000000)
 ParOldGen       total 1378304K, used 130659K [0x0000000080000000, 0x00000000d4200000, 0x00000000d5580000)
  object space 1378304K, 9% used [0x0000000080000000,0x0000000087f98fc0,0x00000000d4200000)
 Metaspace       used 88577K, committed 90176K, reserved 1179648K
  class space    used 9513K, committed 10240K, reserved 1048576K
}
Event: 5186.904 GC heap before
{Heap before GC invocations=1115 (full 4):
 PSYoungGen      total 10240K, used 10208K [0x00000000d5580000, 0x00000000d6180000, 0x0000000100000000)
  eden space 9216K, 100% used [0x00000000d5580000,0x00000000d5e80000,0x00000000d5e80000)
  from space 1024K, 96% used [0x00000000d6000000,0x00000000d60f8000,0x00000000d6100000)
  to   space 1536K, 0% used [0x00000000d5e80000,0x00000000d5e80000,0x00000000d6000000)
 ParOldGen       total 1378304K, used 130659K [0x0000000080000000, 0x00000000d4200000, 0x00000000d5580000)
  object space 1378304K, 9% used [0x0000000080000000,0x0000000087f98fc0,0x00000000d4200000)
 Metaspace       used 88606K, committed 90240K, reserved 1179648K
  class space    used 9514K, committed 10240K, reserved 1048576K
}
Event: 5186.906 GC heap after
{Heap after GC invocations=1115 (full 4):
 PSYoungGen      total 10752K, used 1535K [0x00000000d5580000, 0x00000000d6280000, 0x0000000100000000)
  eden space 9216K, 0% used [0x00000000d5580000,0x00000000d5580000,0x00000000d5e80000)
  from space 1536K, 99% used [0x00000000d5e80000,0x00000000d5ffff60,0x00000000d6000000)
  to   space 2048K, 0% used [0x00000000d6080000,0x00000000d6080000,0x00000000d6280000)
 ParOldGen       total 1378304K, used 131587K [0x0000000080000000, 0x00000000d4200000, 0x00000000d5580000)
  object space 1378304K, 9% used [0x0000000080000000,0x0000000088080fc0,0x00000000d4200000)
 Metaspace       used 88606K, committed 90240K, reserved 1179648K
  class space    used 9514K, committed 10240K, reserved 1048576K
}
Event: 5186.992 GC heap before
{Heap before GC invocations=1116 (full 4):
 PSYoungGen      total 10752K, used 10751K [0x00000000d5580000, 0x00000000d6280000, 0x0000000100000000)
  eden space 9216K, 100% used [0x00000000d5580000,0x00000000d5e80000,0x00000000d5e80000)
  from space 1536K, 99% used [0x00000000d5e80000,0x00000000d5ffff60,0x00000000d6000000)
  to   space 2048K, 0% used [0x00000000d6080000,0x00000000d6080000,0x00000000d6280000)
 ParOldGen       total 1378304K, used 131587K [0x0000000080000000, 0x00000000d4200000, 0x00000000d5580000)
  object space 1378304K, 9% used [0x0000000080000000,0x0000000088080fc0,0x00000000d4200000)
 Metaspace       used 88829K, committed 90432K, reserved 1179648K
  class space    used 9519K, committed 10240K, reserved 1048576K
}
Event: 5186.994 GC heap after
{Heap after GC invocations=1116 (full 4):
 PSYoungGen      total 10240K, used 1012K [0x00000000d5580000, 0x00000000d6180000, 0x0000000100000000)
  eden space 9216K, 0% used [0x00000000d5580000,0x00000000d5580000,0x00000000d5e80000)
  from space 1024K, 98% used [0x00000000d6080000,0x00000000d617d200,0x00000000d6180000)
  to   space 1536K, 0% used [0x00000000d5e80000,0x00000000d5e80000,0x00000000d6000000)
 ParOldGen       total 1378304K, used 133072K [0x0000000080000000, 0x00000000d4200000, 0x00000000d5580000)
  object space 1378304K, 9% used [0x0000000080000000,0x00000000881f42e8,0x00000000d4200000)
 Metaspace       used 88829K, committed 90432K, reserved 1179648K
  class space    used 9519K, committed 10240K, reserved 1048576K
}
Event: 5187.097 GC heap before
{Heap before GC invocations=1117 (full 4):
 PSYoungGen      total 10240K, used 10228K [0x00000000d5580000, 0x00000000d6180000, 0x0000000100000000)
  eden space 9216K, 100% used [0x00000000d5580000,0x00000000d5e80000,0x00000000d5e80000)
  from space 1024K, 98% used [0x00000000d6080000,0x00000000d617d200,0x00000000d6180000)
  to   space 1536K, 0% used [0x00000000d5e80000,0x00000000d5e80000,0x00000000d6000000)
 ParOldGen       total 1378304K, used 133072K [0x0000000080000000, 0x00000000d4200000, 0x00000000d5580000)
  object space 1378304K, 9% used [0x0000000080000000,0x00000000881f42e8,0x00000000d4200000)
 Metaspace       used 88866K, committed 90496K, reserved 1179648K
  class space    used 9521K, committed 10240K, reserved 1048576K
}
Event: 5187.098 GC heap after
{Heap after GC invocations=1117 (full 4):
 PSYoungGen      total 10752K, used 224K [0x00000000d5580000, 0x00000000d6100000, 0x0000000100000000)
  eden space 9216K, 0% used [0x00000000d5580000,0x00000000d5580000,0x00000000d5e80000)
  from space 1536K, 14% used [0x00000000d5e80000,0x00000000d5eb8000,0x00000000d6000000)
  to   space 1024K, 0% used [0x00000000d6000000,0x00000000d6000000,0x00000000d6100000)
 ParOldGen       total 1378304K, used 133944K [0x0000000080000000, 0x00000000d4200000, 0x00000000d5580000)
  object space 1378304K, 9% used [0x0000000080000000,0x00000000882ce258,0x00000000d4200000)
 Metaspace       used 88866K, committed 90496K, reserved 1179648K
  class space    used 9521K, committed 10240K, reserved 1048576K
}
Event: 5187.682 GC heap before
{Heap before GC invocations=1118 (full 4):
 PSYoungGen      total 10752K, used 9440K [0x00000000d5580000, 0x00000000d6100000, 0x0000000100000000)
  eden space 9216K, 100% used [0x00000000d5580000,0x00000000d5e80000,0x00000000d5e80000)
  from space 1536K, 14% used [0x00000000d5e80000,0x00000000d5eb8000,0x00000000d6000000)
  to   space 1024K, 0% used [0x00000000d6000000,0x00000000d6000000,0x00000000d6100000)
 ParOldGen       total 1378304K, used 133944K [0x0000000080000000, 0x00000000d4200000, 0x00000000d5580000)
  object space 1378304K, 9% used [0x0000000080000000,0x00000000882ce258,0x00000000d4200000)
 Metaspace       used 88956K, committed 90624K, reserved 1179648K
  class space    used 9523K, committed 10240K, reserved 1048576K
}
Event: 5187.682 GC heap after
{Heap after GC invocations=1118 (full 4):
 PSYoungGen      total 9728K, used 426K [0x00000000d5580000, 0x00000000d6080000, 0x0000000100000000)
  eden space 9216K, 0% used [0x00000000d5580000,0x00000000d5580000,0x00000000d5e80000)
  from space 512K, 83% used [0x00000000d6000000,0x00000000d606a910,0x00000000d6080000)
  to   space 512K, 0% used [0x00000000d5f80000,0x00000000d5f80000,0x00000000d6000000)
 ParOldGen       total 1378304K, used 134037K [0x0000000080000000, 0x00000000d4200000, 0x00000000d5580000)
  object space 1378304K, 9% used [0x0000000080000000,0x00000000882e54e8,0x00000000d4200000)
 Metaspace       used 88956K, committed 90624K, reserved 1179648K
  class space    used 9523K, committed 10240K, reserved 1048576K
}
Event: 7665.155 GC heap before
{Heap before GC invocations=1119 (full 4):
 PSYoungGen      total 9728K, used 9642K [0x00000000d5580000, 0x00000000d6080000, 0x0000000100000000)
  eden space 9216K, 100% used [0x00000000d5580000,0x00000000d5e80000,0x00000000d5e80000)
  from space 512K, 83% used [0x00000000d6000000,0x00000000d606a910,0x00000000d6080000)
  to   space 512K, 0% used [0x00000000d5f80000,0x00000000d5f80000,0x00000000d6000000)
 ParOldGen       total 1378304K, used 134037K [0x0000000080000000, 0x00000000d4200000, 0x00000000d5580000)
  object space 1378304K, 9% used [0x0000000080000000,0x00000000882e54e8,0x00000000d4200000)
 Metaspace       used 89080K, committed 90688K, reserved 1179648K
  class space    used 9529K, committed 10240K, reserved 1048576K
}
Event: 7665.203 GC heap after
{Heap after GC invocations=1119 (full 4):
 PSYoungGen      total 9728K, used 499K [0x00000000d5580000, 0x00000000d6080000, 0x0000000100000000)
  eden space 9216K, 0% used [0x00000000d5580000,0x00000000d5580000,0x00000000d5e80000)
  from space 512K, 97% used [0x00000000d5f80000,0x00000000d5ffccd0,0x00000000d6000000)
  to   space 512K, 0% used [0x00000000d6000000,0x00000000d6000000,0x00000000d6080000)
 ParOldGen       total 1378304K, used 134290K [0x0000000080000000, 0x00000000d4200000, 0x00000000d5580000)
  object space 1378304K, 9% used [0x0000000080000000,0x0000000088324818,0x00000000d4200000)
 Metaspace       used 89080K, committed 90688K, reserved 1179648K
  class space    used 9529K, committed 10240K, reserved 1048576K
}
Event: 7743.236 GC heap before
{Heap before GC invocations=1120 (full 4):
 PSYoungGen      total 9728K, used 9715K [0x00000000d5580000, 0x00000000d6080000, 0x0000000100000000)
  eden space 9216K, 100% used [0x00000000d5580000,0x00000000d5e80000,0x00000000d5e80000)
  from space 512K, 97% used [0x00000000d5f80000,0x00000000d5ffccd0,0x00000000d6000000)
  to   space 512K, 0% used [0x00000000d6000000,0x00000000d6000000,0x00000000d6080000)
 ParOldGen       total 1378304K, used 134290K [0x0000000080000000, 0x00000000d4200000, 0x00000000d5580000)
  object space 1378304K, 9% used [0x0000000080000000,0x0000000088324818,0x00000000d4200000)
 Metaspace       used 89165K, committed 90880K, reserved 1179648K
  class space    used 9537K, committed 10304K, reserved 1048576K
}
Event: 7743.270 GC heap after
{Heap after GC invocations=1120 (full 4):
 PSYoungGen      total 9728K, used 372K [0x00000000d5580000, 0x00000000d6080000, 0x0000000100000000)
  eden space 9216K, 0% used [0x00000000d5580000,0x00000000d5580000,0x00000000d5e80000)
  from space 512K, 72% used [0x00000000d6000000,0x00000000d605d220,0x00000000d6080000)
  to   space 512K, 0% used [0x00000000d5f80000,0x00000000d5f80000,0x00000000d6000000)
 ParOldGen       total 1378304K, used 134370K [0x0000000080000000, 0x00000000d4200000, 0x00000000d5580000)
  object space 1378304K, 9% used [0x0000000080000000,0x0000000088338818,0x00000000d4200000)
 Metaspace       used 89165K, committed 90880K, reserved 1179648K
  class space    used 9537K, committed 10304K, reserved 1048576K
}
Event: 7743.368 GC heap before
{Heap before GC invocations=1121 (full 4):
 PSYoungGen      total 9728K, used 9588K [0x00000000d5580000, 0x00000000d6080000, 0x0000000100000000)
  eden space 9216K, 100% used [0x00000000d5580000,0x00000000d5e80000,0x00000000d5e80000)
  from space 512K, 72% used [0x00000000d6000000,0x00000000d605d220,0x00000000d6080000)
  to   space 512K, 0% used [0x00000000d5f80000,0x00000000d5f80000,0x00000000d6000000)
 ParOldGen       total 1378304K, used 134370K [0x0000000080000000, 0x00000000d4200000, 0x00000000d5580000)
  object space 1378304K, 9% used [0x0000000080000000,0x0000000088338818,0x00000000d4200000)
 Metaspace       used 89195K, committed 90880K, reserved 1179648K
  class space    used 9539K, committed 10304K, reserved 1048576K
}
Event: 7743.387 GC heap after
{Heap after GC invocations=1121 (full 4):
 PSYoungGen      total 9728K, used 218K [0x00000000d5580000, 0x00000000d6080000, 0x0000000100000000)
  eden space 9216K, 0% used [0x00000000d5580000,0x00000000d5580000,0x00000000d5e80000)
  from space 512K, 42% used [0x00000000d5f80000,0x00000000d5fb6900,0x00000000d6000000)
  to   space 512K, 0% used [0x00000000d6000000,0x00000000d6000000,0x00000000d6080000)
 ParOldGen       total 1378304K, used 134554K [0x0000000080000000, 0x00000000d4200000, 0x00000000d5580000)
  object space 1378304K, 9% used [0x0000000080000000,0x0000000088366838,0x00000000d4200000)
 Metaspace       used 89195K, committed 90880K, reserved 1179648K
  class space    used 9539K, committed 10304K, reserved 1048576K
}
Event: 7793.871 GC heap before
{Heap before GC invocations=1122 (full 4):
 PSYoungGen      total 9728K, used 9434K [0x00000000d5580000, 0x00000000d6080000, 0x0000000100000000)
  eden space 9216K, 100% used [0x00000000d5580000,0x00000000d5e80000,0x00000000d5e80000)
  from space 512K, 42% used [0x00000000d5f80000,0x00000000d5fb6900,0x00000000d6000000)
  to   space 512K, 0% used [0x00000000d6000000,0x00000000d6000000,0x00000000d6080000)
 ParOldGen       total 1378304K, used 134554K [0x0000000080000000, 0x00000000d4200000, 0x00000000d5580000)
  object space 1378304K, 9% used [0x0000000080000000,0x0000000088366838,0x00000000d4200000)
 Metaspace       used 89197K, committed 90880K, reserved 1179648K
  class space    used 9539K, committed 10304K, reserved 1048576K
}
Event: 7795.769 GC heap after
{Heap after GC invocations=1122 (full 4):
 PSYoungGen      total 9728K, used 186K [0x00000000d5580000, 0x00000000d6080000, 0x0000000100000000)
  eden space 9216K, 0% used [0x00000000d5580000,0x00000000d5580000,0x00000000d5e80000)
  from space 512K, 36% used [0x00000000d6000000,0x00000000d602e900,0x00000000d6080000)
  to   space 512K, 0% used [0x00000000d5f80000,0x00000000d5f80000,0x00000000d6000000)
 ParOldGen       total 1378304K, used 134618K [0x0000000080000000, 0x00000000d4200000, 0x00000000d5580000)
  object space 1378304K, 9% used [0x0000000080000000,0x0000000088376838,0x00000000d4200000)
 Metaspace       used 89197K, committed 90880K, reserved 1179648K
  class space    used 9539K, committed 10304K, reserved 1048576K
}

Dll operation events (14 events):
Event: 0.008 Loaded shared library c:\Users\USER-PC\.vscode\extensions\redhat.java-1.52.0-win32-x64\jre\21.0.9-win32-x86_64\bin\java.dll
Event: 0.058 Loaded shared library c:\Users\USER-PC\.vscode\extensions\redhat.java-1.52.0-win32-x64\jre\21.0.9-win32-x86_64\bin\zip.dll
Event: 0.073 Loaded shared library C:\Users\USER-PC\.vscode\extensions\redhat.java-1.52.0-win32-x64\jre\21.0.9-win32-x86_64\bin\instrument.dll
Event: 0.078 Loaded shared library C:\Users\USER-PC\.vscode\extensions\redhat.java-1.52.0-win32-x64\jre\21.0.9-win32-x86_64\bin\net.dll
Event: 0.080 Loaded shared library C:\Users\USER-PC\.vscode\extensions\redhat.java-1.52.0-win32-x64\jre\21.0.9-win32-x86_64\bin\nio.dll
Event: 0.082 Loaded shared library C:\Users\USER-PC\.vscode\extensions\redhat.java-1.52.0-win32-x64\jre\21.0.9-win32-x86_64\bin\zip.dll
Event: 0.095 Loaded shared library C:\Users\USER-PC\.vscode\extensions\redhat.java-1.52.0-win32-x64\jre\21.0.9-win32-x86_64\bin\jimage.dll
Event: 0.160 Loaded shared library c:\Users\USER-PC\.vscode\extensions\redhat.java-1.52.0-win32-x64\jre\21.0.9-win32-x86_64\bin\verify.dll
Event: 1.968 Loaded shared library C:\Users\USER-PC\AppData\Roaming\Code\User\globalStorage\redhat.java\1.52.0\config_win\org.eclipse.equinox.launcher\org.eclipse.equinox.launcher.win32.win32.x86_64_1.2.1500.v20260121-1430\eclipse_11919.dll
Event: 3.913 Loaded shared library C:\Users\USER-PC\.vscode\extensions\redhat.java-1.52.0-win32-x64\jre\21.0.9-win32-x86_64\bin\management.dll
Event: 3.915 Loaded shared library C:\Users\USER-PC\.vscode\extensions\redhat.java-1.52.0-win32-x64\jre\21.0.9-win32-x86_64\bin\management_ext.dll
Event: 4.910 Loaded shared library C:\Users\USER-PC\AppData\Local\Temp\jna-570832693\jna4277961337150367126.dll
Event: 5.160 Loaded shared library C:\Users\USER-PC\.vscode\extensions\redhat.java-1.52.0-win32-x64\jre\21.0.9-win32-x86_64\bin\sunmscapi.dll
Event: 5.855 Loaded shared library C:\Users\USER-PC\.vscode\extensions\redhat.java-1.52.0-win32-x64\jre\21.0.9-win32-x86_64\bin\extnet.dll

Deoptimization events (20 events):
Event: 7743.338 Thread 0x0000022ccc152b80 DEOPT PACKING pc=0x0000022ce5b4cbed sp=0x0000009e4befe940
Event: 7743.338 Thread 0x0000022ccc152b80 DEOPT UNPACKING pc=0x0000022ceab14242 sp=0x0000009e4befdeb8 mode 0
Event: 7743.390 Thread 0x0000022ccc1524f0 DEOPT PACKING pc=0x0000022ce5b4cbed sp=0x0000009e4bdfec80
Event: 7743.390 Thread 0x0000022ccc150ab0 DEOPT PACKING pc=0x0000022ce5b4cbed sp=0x0000009e4a1feb10
Event: 7743.390 Thread 0x0000022ccc14f700 DEOPT PACKING pc=0x0000022ce5b4cbed sp=0x0000009e4c1feaf0
Event: 7743.390 Thread 0x0000022ccc1524f0 DEOPT UNPACKING pc=0x0000022ceab14242 sp=0x0000009e4bdfe1f8 mode 0
Event: 7743.390 Thread 0x0000022ccc14f700 DEOPT UNPACKING pc=0x0000022ceab14242 sp=0x0000009e4c1fe068 mode 0
Event: 7743.390 Thread 0x0000022ccc152b80 DEOPT PACKING pc=0x0000022ce5b4cbed sp=0x0000009e4befe940
Event: 7743.390 Thread 0x0000022ccc150ab0 DEOPT UNPACKING pc=0x0000022ceab14242 sp=0x0000009e4a1fe088 mode 0
Event: 7743.390 Thread 0x0000022ccc152b80 DEOPT UNPACKING pc=0x0000022ceab14242 sp=0x0000009e4befdeb8 mode 0
Event: 7743.395 Thread 0x0000022ccc14fd90 DEOPT PACKING pc=0x0000022ce5b4cbed sp=0x0000009e4bbfda50
Event: 7743.395 Thread 0x0000022ccc14fd90 DEOPT UNPACKING pc=0x0000022ceab14242 sp=0x0000009e4bbfcfc8 mode 0
Event: 7743.398 Thread 0x0000022ccc1524f0 DEOPT PACKING pc=0x0000022ce5b4cbed sp=0x0000009e4bdfec80
Event: 7743.398 Thread 0x0000022ccc1524f0 DEOPT UNPACKING pc=0x0000022ceab14242 sp=0x0000009e4bdfe1f8 mode 0
Event: 7743.398 Thread 0x0000022ccc14f700 DEOPT PACKING pc=0x0000022ce5b4cbed sp=0x0000009e4c1feaf0
Event: 7743.398 Thread 0x0000022ccc14f700 DEOPT UNPACKING pc=0x0000022ceab14242 sp=0x0000009e4c1fe068 mode 0
Event: 7743.399 Thread 0x0000022ccc152b80 DEOPT PACKING pc=0x0000022ce5b4cbed sp=0x0000009e4befe940
Event: 7743.399 Thread 0x0000022ccc152b80 DEOPT UNPACKING pc=0x0000022ceab14242 sp=0x0000009e4befdeb8 mode 0
Event: 7743.404 Thread 0x0000022ccc150ab0 DEOPT PACKING pc=0x0000022ce5b4cbed sp=0x0000009e4a1feb10
Event: 7743.404 Thread 0x0000022ccc150ab0 DEOPT UNPACKING pc=0x0000022ceab14242 sp=0x0000009e4a1fe088 mode 0

Classes loaded (20 events):
Event: 5186.520 Loading class java/lang/management/OperatingSystemMXBean
Event: 5186.520 Loading class java/lang/management/OperatingSystemMXBean done
Event: 5186.520 Loading class javax/management/MBeanServer
Event: 5186.521 Loading class javax/management/MBeanServer done
Event: 5186.521 Loading class java/lang/management/ThreadMXBean
Event: 5186.521 Loading class java/lang/management/ThreadMXBean done
Event: 5186.521 Loading class javax/management/ObjectName
Event: 5186.522 Loading class javax/management/QueryExp
Event: 5186.522 Loading class javax/management/QueryExp done
Event: 5186.522 Loading class javax/management/ObjectName done
Event: 5186.523 Loading class java/util/HashMap$EntrySpliterator
Event: 5186.523 Loading class java/util/HashMap$EntrySpliterator done
Event: 5187.228 Loading class sun/security/ssl/PreSharedKeyExtension$PskIdentity
Event: 5187.228 Loading class sun/security/ssl/PreSharedKeyExtension$PskIdentity done
Event: 5187.228 Loading class sun/security/ssl/PreSharedKeyExtension$CHPreSharedKeySpec
Event: 5187.228 Loading class sun/security/ssl/PreSharedKeyExtension$CHPreSharedKeySpec done
Event: 5187.229 Loading class sun/security/ssl/PreSharedKeyExtension$PartialClientHelloMessage
Event: 5187.229 Loading class sun/security/ssl/PreSharedKeyExtension$PartialClientHelloMessage done
Event: 5187.385 Loading class sun/security/ssl/PreSharedKeyExtension$SHPreSharedKeySpec
Event: 5187.386 Loading class sun/security/ssl/PreSharedKeyExtension$SHPreSharedKeySpec done

Classes unloaded (20 events):
Event: 5183.492 Thread 0x0000022cddf25c80 Unloading class 0x0000022c81016400 'java/lang/invoke/LambdaForm$MH+0x0000022c81016400'
Event: 5183.492 Thread 0x0000022cddf25c80 Unloading class 0x0000022c81014800 'java/lang/invoke/LambdaForm$MH+0x0000022c81014800'
Event: 5183.492 Thread 0x0000022cddf25c80 Unloading class 0x0000022c8100d800 'java/lang/invoke/LambdaForm$MH+0x0000022c8100d800'
Event: 5183.492 Thread 0x0000022cddf25c80 Unloading class 0x0000022c8100d400 'java/lang/invoke/LambdaForm$MH+0x0000022c8100d400'
Event: 5183.492 Thread 0x0000022cddf25c80 Unloading class 0x0000022c8100d000 'java/lang/invoke/LambdaForm$MH+0x0000022c8100d000'
Event: 5183.492 Thread 0x0000022cddf25c80 Unloading class 0x0000022c8100cc00 'java/lang/invoke/LambdaForm$MH+0x0000022c8100cc00'
Event: 5183.492 Thread 0x0000022cddf25c80 Unloading class 0x0000022c8100c800 'java/lang/invoke/LambdaForm$BMH+0x0000022c8100c800'
Event: 5183.492 Thread 0x0000022cddf25c80 Unloading class 0x0000022c8100c000 'java/lang/invoke/LambdaForm$DMH+0x0000022c8100c000'
Event: 5183.492 Thread 0x0000022cddf25c80 Unloading class 0x0000022c81008c00 'java/lang/invoke/LambdaForm$MH+0x0000022c81008c00'
Event: 5183.492 Thread 0x0000022cddf25c80 Unloading class 0x0000022c81008800 'java/lang/invoke/LambdaForm$MH+0x0000022c81008800'
Event: 5183.492 Thread 0x0000022cddf25c80 Unloading class 0x0000022c81008400 'java/lang/invoke/LambdaForm$MH+0x0000022c81008400'
Event: 5183.492 Thread 0x0000022cddf25c80 Unloading class 0x0000022c81007000 'java/lang/invoke/LambdaForm$MH+0x0000022c81007000'
Event: 5183.492 Thread 0x0000022cddf25c80 Unloading class 0x0000022c81006800 'java/lang/invoke/LambdaForm$MH+0x0000022c81006800'
Event: 5183.492 Thread 0x0000022cddf25c80 Unloading class 0x0000022c81006400 'java/lang/invoke/LambdaForm$MH+0x0000022c81006400'
Event: 5183.492 Thread 0x0000022cddf25c80 Unloading class 0x0000022c81006000 'java/lang/invoke/LambdaForm$MH+0x0000022c81006000'
Event: 5183.492 Thread 0x0000022cddf25c80 Unloading class 0x0000022c81005c00 'java/lang/invoke/LambdaForm$BMH+0x0000022c81005c00'
Event: 5183.492 Thread 0x0000022cddf25c80 Unloading class 0x0000022c81004800 'java/lang/invoke/LambdaForm$DMH+0x0000022c81004800'
Event: 5183.492 Thread 0x0000022cddf25c80 Unloading class 0x0000022c81002400 'java/lang/invoke/LambdaForm$MH+0x0000022c81002400'
Event: 5183.492 Thread 0x0000022cddf25c80 Unloading class 0x0000022c81002000 'java/lang/invoke/LambdaForm$MH+0x0000022c81002000'
Event: 5183.492 Thread 0x0000022cddf25c80 Unloading class 0x0000022c81001800 'java/lang/invoke/LambdaForm$MH+0x0000022c81001800'

Classes redefined (0 events):
No events

Internal exceptions (20 events):
Event: 5185.962 Thread 0x0000022cc141d520 Exception <a 'java/lang/NoSuchMethodError'{0x00000000d5623400}: 'java.lang.Object java.lang.invoke.DirectMethodHandle$Holder.invokeSpecial(java.lang.Object, java.lang.Object, java.lang.Object, int, int)'> (0x00000000d5623400) 
thrown [s\src\hotspot\share\interpreter\linkResolver.cpp, line 773]
Event: 5185.962 Thread 0x0000022cc141d520 Exception <a 'java/lang/NoSuchMethodError'{0x00000000d5626ac0}: 'java.lang.Object java.lang.invoke.Invokers$Holder.linkToTargetMethod(java.lang.Object, int, int, java.lang.Object)'> (0x00000000d5626ac0) 
thrown [s\src\hotspot\share\interpreter\linkResolver.cpp, line 773]
Event: 5186.064 Thread 0x0000022cc141d520 Implicit null exception at 0x0000022ceb582059 to 0x0000022ceb5822e4
Event: 5186.092 Thread 0x0000022cc141d520 Exception <a 'java/lang/NoSuchMethodError'{0x00000000d5b32240}: 'int java.lang.invoke.DirectMethodHandle$Holder.invokeSpecial(java.lang.Object, java.lang.Object, java.lang.Object, java.lang.Object, java.lang.Object)'> (0x00000000d5b32240) 
thrown [s\src\hotspot\share\interpreter\linkResolver.cpp, line 773]
Event: 5186.725 Thread 0x0000022cc141d520 Implicit null exception at 0x0000022cebd99f36 to 0x0000022cebd9b11c
Event: 5186.725 Thread 0x0000022cc141e240 Implicit null exception at 0x0000022cebd99f36 to 0x0000022cebd9b11c
Event: 5186.725 Thread 0x0000022cc141ef60 Implicit null exception at 0x0000022cebb8f539 to 0x0000022cebb8f7e5
Event: 5186.743 Thread 0x0000022cc141e240 Implicit null exception at 0x0000022ceba6a9a5 to 0x0000022ceba6ad48
Event: 5186.743 Thread 0x0000022cc141d520 Implicit null exception at 0x0000022ceba6a9a5 to 0x0000022ceba6ad48
Event: 5186.743 Thread 0x0000022cc141ef60 Implicit null exception at 0x0000022ceba6a9a5 to 0x0000022ceba6ad48
Event: 5186.788 Thread 0x0000022cc141ef60 Implicit null exception at 0x0000022ceb74f02c to 0x0000022ceb75176a
Event: 5186.788 Thread 0x0000022cc141e240 Implicit null exception at 0x0000022ceb74f02c to 0x0000022ceb75176a
Event: 5186.788 Thread 0x0000022cc141d520 Implicit null exception at 0x0000022ceb74f02c to 0x0000022ceb75176a
Event: 5186.789 Thread 0x0000022cc141ef60 Implicit null exception at 0x0000022ceb756c2c to 0x0000022ceb75934e
Event: 5186.789 Thread 0x0000022cc141e240 Implicit null exception at 0x0000022ceb756c2c to 0x0000022ceb75934e
Event: 5186.789 Thread 0x0000022cc141d520 Implicit null exception at 0x0000022ceb756c2c to 0x0000022ceb75934e
Event: 5186.797 Thread 0x0000022cc141ef60 Implicit null exception at 0x0000022ceb76940e to 0x0000022ceb76ac18
Event: 5186.797 Thread 0x0000022cc141d520 Implicit null exception at 0x0000022ceb76940e to 0x0000022ceb76ac18
Event: 5186.797 Thread 0x0000022cc141e240 Implicit null exception at 0x0000022ceb76940e to 0x0000022ceb76ac18
Event: 7665.337 Thread 0x0000022ccc1524f0 Implicit null exception at 0x0000022cebb32dfb to 0x0000022cebb33fd4

ZGC Phase Switch (0 events):
No events

VM Operations (20 events):
Event: 7576.021 Executing VM operation: HandshakeAllThreads (HandshakeForDeflation)
Event: 7576.021 Executing VM operation: HandshakeAllThreads (HandshakeForDeflation) done
Event: 7576.021 Executing VM operation: RendezvousGCThreads
Event: 7576.021 Executing VM operation: RendezvousGCThreads done
Event: 7652.612 Executing VM operation: Cleanup
Event: 7652.612 Executing VM operation: Cleanup done
Event: 7665.140 Executing VM operation: HandshakeAllThreads (Deoptimize)
Event: 7665.140 Executing VM operation: HandshakeAllThreads (Deoptimize) done
Event: 7665.140 Executing VM operation: Cleanup
Event: 7665.140 Executing VM operation: Cleanup done
Event: 7665.155 Executing VM operation: ParallelGCFailedAllocation (Allocation Failure)
Event: 7665.203 Executing VM operation: ParallelGCFailedAllocation (Allocation Failure) done
Event: 7666.205 Executing VM operation: Cleanup
Event: 7666.205 Executing VM operation: Cleanup done
Event: 7743.236 Executing VM operation: ParallelGCFailedAllocation (Allocation Failure)
Event: 7743.270 Executing VM operation: ParallelGCFailedAllocation (Allocation Failure) done
Event: 7743.368 Executing VM operation: ParallelGCFailedAllocation (Allocation Failure)
Event: 7743.387 Executing VM operation: ParallelGCFailedAllocation (Allocation Failure) done
Event: 7793.871 Executing VM operation: ParallelGCFailedAllocation (Allocation Failure)
Event: 7795.769 Executing VM operation: ParallelGCFailedAllocation (Allocation Failure) done

Memory protections (0 events):
No events

Nmethod flushes (20 events):
Event: 5183.582 Thread 0x0000022cddf25c80 flushing  nmethod 0x0000022ce45e1490
Event: 5183.582 Thread 0x0000022cddf25c80 flushing  nmethod 0x0000022ce45e4210
Event: 5183.582 Thread 0x0000022cddf25c80 flushing  nmethod 0x0000022ce4601010
Event: 5183.582 Thread 0x0000022cddf25c80 flushing  nmethod 0x0000022ce4604c90
Event: 5183.582 Thread 0x0000022cddf25c80 flushing  nmethod 0x0000022ce4643510
Event: 5183.582 Thread 0x0000022cddf25c80 flushing  nmethod 0x0000022ce468da90
Event: 5183.582 Thread 0x0000022cddf25c80 flushing  nmethod 0x0000022ce46b5a10
Event: 5183.582 Thread 0x0000022cddf25c80 flushing  nmethod 0x0000022ce46d8410
Event: 5183.582 Thread 0x0000022cddf25c80 flushing  nmethod 0x0000022ce46dc210
Event: 5183.582 Thread 0x0000022cddf25c80 flushing  nmethod 0x0000022ce4702010
Event: 5183.582 Thread 0x0000022cddf25c80 flushing  nmethod 0x0000022ce4721510
Event: 5183.582 Thread 0x0000022cddf25c80 flushing  nmethod 0x0000022ce4765f10
Event: 5183.582 Thread 0x0000022cddf25c80 flushing  nmethod 0x0000022ce476da10
Event: 5183.582 Thread 0x0000022cddf25c80 flushing  nmethod 0x0000022ce476e490
Event: 5183.582 Thread 0x0000022cddf25c80 flushing  nmethod 0x0000022ce476ec90
Event: 5183.582 Thread 0x0000022cddf25c80 flushing  nmethod 0x0000022ce4771f10
Event: 5183.582 Thread 0x0000022cddf25c80 flushing  nmethod 0x0000022ce4773190
Event: 5183.582 Thread 0x0000022cddf25c80 flushing  nmethod 0x0000022ce478fd90
Event: 5183.582 Thread 0x0000022cddf25c80 flushing  nmethod 0x0000022ce479ef10
Event: 5183.582 Thread 0x0000022cddf25c80 flushing  nmethod 0x0000022ce47ae010

Events (20 events):
Event: 5452.156 Thread 0x0000022cc141adc0 Thread added: 0x0000022ccc150ab0
Event: 5512.173 Thread 0x0000022cc141adc0 Thread exited: 0x0000022cc141adc0
Event: 5572.187 Thread 0x0000022ccc150ab0 Thread exited: 0x0000022ccc150ab0
Event: 6195.350 Thread 0x0000022cc141a730 Thread added: 0x0000022ccc1524f0
Event: 6195.351 Thread 0x0000022ccc1524f0 Thread added: 0x0000022ccc152b80
Event: 6195.360 Thread 0x0000022ccc152b80 Thread added: 0x0000022ccc150420
Event: 6255.379 Thread 0x0000022ccc152b80 Thread exited: 0x0000022ccc152b80
Event: 6315.380 Thread 0x0000022ccc150420 Thread exited: 0x0000022ccc150420
Event: 6375.385 Thread 0x0000022ccc1524f0 Thread exited: 0x0000022ccc1524f0
Event: 6875.380 Thread 0x0000022cc141a730 Thread added: 0x0000022ccc150420
Event: 6935.391 Thread 0x0000022ccc150420 Thread exited: 0x0000022ccc150420
Event: 7651.951 Thread 0x0000022cc141a730 Thread added: 0x0000022ccc1524f0
Event: 7664.806 Thread 0x0000022cf6b35fb0 Thread added: 0x0000022cfd64d570
Event: 7665.012 Thread 0x0000022cfd64d570 Thread exited: 0x0000022cfd64d570
Event: 7665.014 Thread 0x0000022ccc1524f0 Thread added: 0x0000022ccc14fd90
Event: 7725.401 Thread 0x0000022ccc1524f0 Thread exited: 0x0000022ccc1524f0
Event: 7743.273 Thread 0x0000022ccc14fd90 Thread added: 0x0000022ccc150ab0
Event: 7743.273 Thread 0x0000022ccc14fd90 Thread added: 0x0000022ccc1524f0
Event: 7743.274 Thread 0x0000022ccc150ab0 Thread added: 0x0000022ccc152b80
Event: 7743.274 Thread 0x0000022ccc1524f0 Thread added: 0x0000022ccc14f700


Dynamic libraries:
0x00007ff69c0e0000 - 0x00007ff69c0ee000 	c:\Users\USER-PC\.vscode\extensions\redhat.java-1.52.0-win32-x64\jre\21.0.9-win32-x86_64\bin\java.exe
0x00007ffc1dfa0000 - 0x00007ffc1e208000 	C:\WINDOWS\SYSTEM32\ntdll.dll
0x00007ffc1cd10000 - 0x00007ffc1cdd9000 	C:\WINDOWS\System32\KERNEL32.DLL
0x00007ffc1b890000 - 0x00007ffc1bc81000 	C:\WINDOWS\System32\KERNELBASE.dll
0x00007ffc1b740000 - 0x00007ffc1b88b000 	C:\WINDOWS\System32\ucrtbase.dll
0x00007ffc186f0000 - 0x00007ffc1870e000 	c:\Users\USER-PC\.vscode\extensions\redhat.java-1.52.0-win32-x64\jre\21.0.9-win32-x86_64\bin\VCRUNTIME140.dll
0x00007ffc0b630000 - 0x00007ffc0b648000 	c:\Users\USER-PC\.vscode\extensions\redhat.java-1.52.0-win32-x64\jre\21.0.9-win32-x86_64\bin\jli.dll
0x00007ffc1c300000 - 0x00007ffc1c4c6000 	C:\WINDOWS\System32\USER32.dll
0x00007ffbfdae0000 - 0x00007ffbfdd73000 	C:\WINDOWS\WinSxS\amd64_microsoft.windows.common-controls_6595b64144ccf1df_6.0.26100.7824_none_3e0870b2e3345462\COMCTL32.dll
0x00007ffc1abc0000 - 0x00007ffc1abe7000 	C:\WINDOWS\System32\win32u.dll
0x00007ffc1cbb0000 - 0x00007ffc1cc59000 	C:\WINDOWS\System32\msvcrt.dll
0x00007ffc1d260000 - 0x00007ffc1d28b000 	C:\WINDOWS\System32\GDI32.dll
0x00007ffc1aa00000 - 0x00007ffc1ab2b000 	C:\WINDOWS\System32\gdi32full.dll
0x00007ffc1bc90000 - 0x00007ffc1bd33000 	C:\WINDOWS\System32\msvcp_win.dll
0x00007ffc1d0c0000 - 0x00007ffc1d0f1000 	C:\WINDOWS\System32\IMM32.DLL
0x00007ffc187e0000 - 0x00007ffc187ec000 	c:\Users\USER-PC\.vscode\extensions\redhat.java-1.52.0-win32-x64\jre\21.0.9-win32-x86_64\bin\vcruntime140_1.dll
0x00007ffbe6520000 - 0x00007ffbe65ad000 	c:\Users\USER-PC\.vscode\extensions\redhat.java-1.52.0-win32-x64\jre\21.0.9-win32-x86_64\bin\msvcp140.dll
0x00007ffb56e30000 - 0x00007ffb57bd0000 	c:\Users\USER-PC\.vscode\extensions\redhat.java-1.52.0-win32-x64\jre\21.0.9-win32-x86_64\bin\server\jvm.dll
0x00007ffc1d000000 - 0x00007ffc1d0b4000 	C:\WINDOWS\System32\ADVAPI32.dll
0x00007ffc1c670000 - 0x00007ffc1c716000 	C:\WINDOWS\System32\sechost.dll
0x00007ffc1c1e0000 - 0x00007ffc1c2f8000 	C:\WINDOWS\System32\RPCRT4.dll
0x00007ffc1cc80000 - 0x00007ffc1ccf4000 	C:\WINDOWS\System32\WS2_32.dll
0x00007ffc1a730000 - 0x00007ffc1a78e000 	C:\WINDOWS\SYSTEM32\POWRPROF.dll
0x00007ffc0b870000 - 0x00007ffc0b8a5000 	C:\WINDOWS\SYSTEM32\WINMM.dll
0x00007ffc13d30000 - 0x00007ffc13d3b000 	C:\WINDOWS\SYSTEM32\VERSION.dll
0x00007ffc1a6e0000 - 0x00007ffc1a6f4000 	C:\WINDOWS\SYSTEM32\UMPDC.dll
0x00007ffc195e0000 - 0x00007ffc195fb000 	C:\WINDOWS\SYSTEM32\kernel.appcore.dll
0x00007ffc18720000 - 0x00007ffc1872a000 	c:\Users\USER-PC\.vscode\extensions\redhat.java-1.52.0-win32-x64\jre\21.0.9-win32-x86_64\bin\jimage.dll
0x00007ffc17d80000 - 0x00007ffc17fc2000 	C:\WINDOWS\SYSTEM32\DBGHELP.DLL
0x00007ffc1bd50000 - 0x00007ffc1c0d6000 	C:\WINDOWS\System32\combase.dll
0x00007ffc1dab0000 - 0x00007ffc1db87000 	C:\WINDOWS\System32\OLEAUT32.dll
0x00007ffc17700000 - 0x00007ffc1773b000 	C:\WINDOWS\SYSTEM32\dbgcore.DLL
0x00007ffc1acb0000 - 0x00007ffc1ad55000 	C:\WINDOWS\System32\bcryptPrimitives.dll
0x00007ffc18650000 - 0x00007ffc1865f000 	c:\Users\USER-PC\.vscode\extensions\redhat.java-1.52.0-win32-x64\jre\21.0.9-win32-x86_64\bin\instrument.dll
0x00007ffc0b5b0000 - 0x00007ffc0b5d0000 	c:\Users\USER-PC\.vscode\extensions\redhat.java-1.52.0-win32-x64\jre\21.0.9-win32-x86_64\bin\java.dll
0x00007ffc1d2e0000 - 0x00007ffc1da32000 	C:\WINDOWS\System32\SHELL32.dll
0x00007ffc1b5d0000 - 0x00007ffc1b73a000 	C:\WINDOWS\System32\wintypes.dll
0x00007ffc1ad60000 - 0x00007ffc1b5c3000 	C:\WINDOWS\System32\windows.storage.dll
0x00007ffc1c0e0000 - 0x00007ffc1c1d6000 	C:\WINDOWS\System32\SHCORE.dll
0x00007ffc1da40000 - 0x00007ffc1daa7000 	C:\WINDOWS\System32\shlwapi.dll
0x00007ffc1a700000 - 0x00007ffc1a729000 	C:\WINDOWS\SYSTEM32\profapi.dll
0x00007ffc0b270000 - 0x00007ffc0b288000 	c:\Users\USER-PC\.vscode\extensions\redhat.java-1.52.0-win32-x64\jre\21.0.9-win32-x86_64\bin\zip.dll
0x00007ffc11180000 - 0x00007ffc11190000 	C:\Users\USER-PC\.vscode\extensions\redhat.java-1.52.0-win32-x64\jre\21.0.9-win32-x86_64\bin\net.dll
0x00007ffc14690000 - 0x00007ffc147b7000 	C:\WINDOWS\SYSTEM32\WINHTTP.dll
0x00007ffc19b30000 - 0x00007ffc19b9b000 	C:\WINDOWS\system32\mswsock.dll
0x00007ffc03590000 - 0x00007ffc035a6000 	C:\Users\USER-PC\.vscode\extensions\redhat.java-1.52.0-win32-x64\jre\21.0.9-win32-x86_64\bin\nio.dll
0x00007ffc0b5f0000 - 0x00007ffc0b600000 	c:\Users\USER-PC\.vscode\extensions\redhat.java-1.52.0-win32-x64\jre\21.0.9-win32-x86_64\bin\verify.dll
0x00007ffbf8e90000 - 0x00007ffbf8ed5000 	C:\Users\USER-PC\AppData\Roaming\Code\User\globalStorage\redhat.java\1.52.0\config_win\org.eclipse.equinox.launcher\org.eclipse.equinox.launcher.win32.win32.x86_64_1.2.1500.v20260121-1430\eclipse_11919.dll
0x00007ffc1ce60000 - 0x00007ffc1cff7000 	C:\WINDOWS\System32\ole32.dll
0x00007ffc18710000 - 0x00007ffc1871a000 	C:\Users\USER-PC\.vscode\extensions\redhat.java-1.52.0-win32-x64\jre\21.0.9-win32-x86_64\bin\management.dll
0x00007ffc111c0000 - 0x00007ffc111cc000 	C:\Users\USER-PC\.vscode\extensions\redhat.java-1.52.0-win32-x64\jre\21.0.9-win32-x86_64\bin\management_ext.dll
0x00007ffc1bd40000 - 0x00007ffc1bd48000 	C:\WINDOWS\System32\PSAPI.DLL
0x00007ffc19f20000 - 0x00007ffc19f3b000 	C:\WINDOWS\SYSTEM32\CRYPTSP.dll
0x00007ffc19540000 - 0x00007ffc19579000 	C:\WINDOWS\system32\rsaenh.dll
0x00007ffc19be0000 - 0x00007ffc19c0b000 	C:\WINDOWS\SYSTEM32\USERENV.dll
0x00007ffc1a7a0000 - 0x00007ffc1a7ca000 	C:\WINDOWS\SYSTEM32\bcrypt.dll
0x00007ffc19d80000 - 0x00007ffc19d8c000 	C:\WINDOWS\SYSTEM32\CRYPTBASE.dll
0x00007ffc18fe0000 - 0x00007ffc19014000 	C:\WINDOWS\SYSTEM32\IPHLPAPI.DLL
0x00007ffc1d190000 - 0x00007ffc1d19a000 	C:\WINDOWS\System32\NSI.dll
0x00007ffbef6c0000 - 0x00007ffbef709000 	C:\Users\USER-PC\AppData\Local\Temp\jna-570832693\jna4277961337150367126.dll
0x00007ffc15820000 - 0x00007ffc1583e000 	C:\WINDOWS\SYSTEM32\dhcpcsvc6.DLL
0x00007ffc157f0000 - 0x00007ffc15813000 	C:\WINDOWS\SYSTEM32\dhcpcsvc.DLL
0x00007ffc11030000 - 0x00007ffc1103e000 	C:\Users\USER-PC\.vscode\extensions\redhat.java-1.52.0-win32-x64\jre\21.0.9-win32-x86_64\bin\sunmscapi.dll
0x00007ffc1a880000 - 0x00007ffc1a9f7000 	C:\WINDOWS\System32\CRYPT32.dll
0x00007ffc1a060000 - 0x00007ffc1a090000 	C:\WINDOWS\SYSTEM32\ncrypt.dll
0x00007ffc19fa0000 - 0x00007ffc19fdf000 	C:\WINDOWS\SYSTEM32\NTASN1.dll
0x00007ffc19020000 - 0x00007ffc1914c000 	C:\WINDOWS\SYSTEM32\DNSAPI.dll
0x00007ffc0c760000 - 0x00007ffc0c76b000 	C:\Windows\System32\rasadhlp.dll
0x00007ffc15230000 - 0x00007ffc152b6000 	C:\WINDOWS\System32\fwpuclnt.dll
0x00007ffc11020000 - 0x00007ffc11029000 	C:\Users\USER-PC\.vscode\extensions\redhat.java-1.52.0-win32-x64\jre\21.0.9-win32-x86_64\bin\extnet.dll
0x00007ffc19700000 - 0x00007ffc19736000 	C:\WINDOWS\SYSTEM32\ntmarta.dll
0x00007ffc03350000 - 0x00007ffc03358000 	C:\WINDOWS\system32\wshunix.dll

JVMTI agents:
c:\Users\USER-PC\.vscode\extensions\redhat.java-1.52.0-win32-x64\lombok\lombok-1.18.39-4050.jar path:c:\Users\USER-PC\.vscode\extensions\redhat.java-1.52.0-win32-x64\jre\21.0.9-win32-x86_64\bin\instrument.dll, loaded, initialized, instrumentlib options:none

dbghelp: loaded successfully - version: 4.0.5 - missing functions: none
symbol engine: initialized successfully - sym options: 0x614 - pdb path: .;c:\Users\USER-PC\.vscode\extensions\redhat.java-1.52.0-win32-x64\jre\21.0.9-win32-x86_64\bin;C:\WINDOWS\SYSTEM32;C:\WINDOWS\WinSxS\amd64_microsoft.windows.common-controls_6595b64144ccf1df_6.0.26100.7824_none_3e0870b2e3345462;c:\Users\USER-PC\.vscode\extensions\redhat.java-1.52.0-win32-x64\jre\21.0.9-win32-x86_64\bin\server;C:\Users\USER-PC\AppData\Roaming\Code\User\globalStorage\redhat.java\1.52.0\config_win\org.eclipse.equinox.launcher\org.eclipse.equinox.launcher.win32.win32.x86_64_1.2.1500.v20260121-1430;C:\Users\USER-PC\AppData\Local\Temp\jna-570832693

VM Arguments:
jvm_args: --add-modules=ALL-SYSTEM --add-opens=java.base/java.util=ALL-UNNAMED --add-opens=java.base/java.lang=ALL-UNNAMED --add-opens=java.base/sun.nio.fs=ALL-UNNAMED -Declipse.application=org.eclipse.jdt.ls.core.id1 -Dosgi.bundles.defaultStartLevel=4 -Declipse.product=org.eclipse.jdt.ls.core.product -Djava.import.generatesMetadataFilesAtProjectRoot=false -DDetectVMInstallationsJob.disabled=true -Dfile.encoding=utf8 -XX:+UseParallelGC -XX:GCTimeRatio=4 -XX:AdaptiveSizePolicyWeight=90 -Dsun.zip.disableMemoryMapping=true -Xmx2G -Xms100m -Xlog:disable -javaagent:c:\Users\USER-PC\.vscode\extensions\redhat.java-1.52.0-win32-x64\lombok\lombok-1.18.39-4050.jar -XX:+HeapDumpOnOutOfMemoryError -XX:HeapDumpPath=c:\Users\USER-PC\AppData\Roaming\Code\User\workspaceStorage\d613acfcf3a9669b4d08eaca8919b9e0\redhat.java -Daether.dependencyCollector.impl=bf 
java_command: c:\Users\USER-PC\.vscode\extensions\redhat.java-1.52.0-win32-x64\server\plugins\org.eclipse.equinox.launcher_1.7.100.v20251111-0406.jar -configuration c:\Users\USER-PC\AppData\Roaming\Code\User\globalStorage\redhat.java\1.52.0\config_win -data c:\Users\USER-PC\AppData\Roaming\Code\User\workspaceStorage\d613acfcf3a9669b4d08eaca8919b9e0\redhat.java\jdt_ws --pipe=\\.\pipe\lsp-62bf0c7cdf23dd837c2826a4bbfe9ed8-sock
java_class_path (initial): c:\Users\USER-PC\.vscode\extensions\redhat.java-1.52.0-win32-x64\server\plugins\org.eclipse.equinox.launcher_1.7.100.v20251111-0406.jar
Launcher Type: SUN_STANDARD

[Global flags]
    uintx AdaptiveSizePolicyWeight                 = 90                                        {product} {command line}
     intx CICompilerCount                          = 3                                         {product} {ergonomic}
    uintx GCTimeRatio                              = 4                                         {product} {command line}
     bool HeapDumpOnOutOfMemoryError               = true                                   {manageable} {command line}
    ccstr HeapDumpPath                             = c:\Users\USER-PC\AppData\Roaming\Code\User\workspaceStorage\d613acfcf3a9669b4d08eaca8919b9e0\redhat.java         {manageable} {command line}
   size_t InitialHeapSize                          = 104857600                                 {product} {command line}
   size_t MaxHeapSize                              = 2147483648                                {product} {command line}
   size_t MaxNewSize                               = 715653120                                 {product} {ergonomic}
   size_t MinHeapDeltaBytes                        = 524288                                    {product} {ergonomic}
   size_t MinHeapSize                              = 104857600                                 {product} {command line}
   size_t NewSize                                  = 34603008                                  {product} {ergonomic}
    uintx NonNMethodCodeHeapSize                   = 5832780                                {pd product} {ergonomic}
    uintx NonProfiledCodeHeapSize                  = 122912730                              {pd product} {ergonomic}
   size_t OldSize                                  = 70254592                                  {product} {ergonomic}
    uintx ProfiledCodeHeapSize                     = 122912730                              {pd product} {ergonomic}
    uintx ReservedCodeCacheSize                    = 251658240                              {pd product} {ergonomic}
     bool SegmentedCodeCache                       = true                                      {product} {ergonomic}
   size_t SoftMaxHeapSize                          = 2147483648                             {manageable} {ergonomic}
     bool UseCompressedOops                        = true                           {product lp64_product} {ergonomic}
     bool UseLargePagesIndividualAllocation        = false                                  {pd product} {ergonomic}
     bool UseParallelGC                            = true                                      {product} {command line}

Logging:
Log output configuration:
 #0: stdout all=off uptime,level,tags foldmultilines=false
 #1: stderr all=off uptime,level,tags foldmultilines=false

Release file:
JAVA_VERSION="21.0.9" 
MODULES="java.base java.compiler java.datatransfer java.xml java.prefs java.desktop java.instrument java.logging java.management java.security.sasl java.naming java.rmi java.management.rmi java.net.http java.scripting java.security.jgss java.transaction.xa java.sql java.sql.rowset java.xml.crypto java.se java.smartcardio jdk.accessibility jdk.internal.jvmstat jdk.attach jdk.charsets jdk.internal.opt jdk.zipfs jdk.compiler jdk.crypto.ec jdk.crypto.cryptoki jdk.crypto.mscapi jdk.dynalink jdk.internal.ed jdk.editpad jdk.hotspot.agent jdk.httpserver jdk.internal.le jdk.internal.vm.ci jdk.internal.vm.compiler jdk.internal.vm.compiler.management jdk.jartool jdk.javadoc jdk.jcmd jdk.management jdk.management.agent jdk.jconsole jdk.jdeps jdk.jdwp.agent jdk.jdi jdk.jfr jdk.jshell jdk.jsobject jdk.jstatd jdk.localedata jdk.management.jfr jdk.naming.dns jdk.naming.rmi jdk.net jdk.nio.mapmode jdk.random jdk.sctp jdk.security.auth jdk.security.jgss jdk.unsupported jdk.unsupported.desktop jdk.xml.dom" 

Environment Variables:
PATH=C:\WINDOWS\system32;C:\WINDOWS;C:\WINDOWS\System32\Wbem;C:\WINDOWS\System32\WindowsPowerShell\v1.0\;C:\WINDOWS\System32\OpenSSH\;C:\Program Files (x86)\Microsoft SQL Server\160\DTS\Binn\;C:\Program Files (x86)\Microsoft SQL Server\160\Tools\Binn\;C:\Program Files\Microsoft SQL Server\160\Tools\Binn\;C:\Program Files\Microsoft SQL Server\Client SDK\ODBC\170\Tools\Binn\;C:\Program Files\Microsoft SQL Server\160\DTS\Binn\;C:\Program Files\Azure Data Studio\bin;C:\Program Files\MySQL\MySQL Server 8.3\bin;C:\MinGW\bin;C:\Program Files\dotnet\;C:\Program Files\Calibre2\;C:\Program Files\Microsoft SQL Server\150\Tools\Binn\;C:\Users\USER-PC\Downloads\apache-maven-3.9.9-bin;C:\Program Files\apache-maven-4.0.0-rc-4\bin;C:\Program Files\Microsoft SQL Server\170\DTS\Binn\;C:\Program Files\Common Files\Oracle\Java\javapath;C:\Program Files\Java\jdk-24\bin;C:\Program Files (x86)\Windows Kits\10\Windows Performance Toolkit\;C:\Program Files\MongoDB\Server\8.0\bin;C:\Program Files\MongoDB\Tools\100\bin;C:\flutter\flutter\bin;C:\Users\USER-PC\AppData\Local\Android\Sdk;C:\Users\USER-PC\AppData\Local\Android\Sdk\Platform-tools;C:\Users\USER-PC\AppData\Local\Android\Sdk\commandlinetools-win-13114758_latest\cmdline-tools\bin;C:\Program Files (x86)\Incredibuild;C:\Program Files\nodejs\;C:\Program Files\Java\jdk-21\bin;C:\Program Files\Git\cmd;C:\Users\USER-PC\AppData\Local\Programs\Python\Python313\Scripts\;C:\Users\USER-PC\AppData\Local\Programs\Python\Python313\;C:\Users\USER-PC\AppData\Local\Programs\Python\Launcher\;C:\Users\USER-PC\AppData\Local\Microsoft\WindowsApps;C:\Program Files\Azure Data Studio\bin;C:\MinGW\bin;C:\Users\USER-PC\.dotnet\tools;C:\Program Files\mongosh\;C:\Users\USER-PC\.lmstudio\bin;C:\Program Files\JetBrains\IntelliJ IDEA 2025.2.5\bin;C:\Users\USER-PC\.dotnet\tools;C:\Users\USER-PC\AppData\Roaming\npm;C:\Users\USER-PC\AppData\Local\Programs\Microsoft VS Code\bin
USERNAME=USER-PC
OS=Windows_NT
PROCESSOR_IDENTIFIER=Intel64 Family 6 Model 158 Stepping 10, GenuineIntel
TMP=C:\Users\USER-PC\AppData\Local\Temp
TEMP=C:\Users\USER-PC\AppData\Local\Temp




Periodic native trim disabled

---------------  S Y S T E M  ---------------

OS:
 Windows 11 , 64 bit Build 26100 (10.0.26100.7705)
OS uptime: 0 days 4:12 hours
Hyper-V role detected

CPU: total 6 (initial active 6) (6 cores per cpu, 1 threads per core) family 6 model 158 stepping 10 microcode 0xde, cx8, cmov, fxsr, mmx, 3dnowpref, sse, sse2, sse3, ssse3, sse4.1, sse4.2, popcnt, lzcnt, tsc, tscinvbit, avx, avx2, aes, erms, clmul, bmi1, bmi2, rtm, adx, fma, vzeroupper, clflush, clflushopt, hv, rdtscp, f16c
Processor Information for the first 6 processors :
  Max Mhz: 3000, Current Mhz: 3000, Mhz Limit: 3000

Memory: 4k page, system-wide physical 16180M (1387M free)
TotalPageFile size 25915M (AvailPageFile size 1014M)
current process WorkingSet (physical memory assigned to process): 313M, peak: 1458M
current process commit charge ("private bytes"): 1688M, peak: 1732M

vm_info: OpenJDK 64-Bit Server VM (21.0.9+10-LTS) for windows-amd64 JRE (21.0.9+10-LTS), built on 2025-10-21T00:00:00Z by "admin" with unknown MS VC++:1942

END.
